TN:
SF:/Users/wlchair/Desktop/wlchair/test/test.js
FN:4,(anonymous_1)
FN:5,(anonymous_2)
FN:8,(anonymous_3)
FNF:3
FNH:3
FNDA:1,(anonymous_1)
FNDA:1,(anonymous_2)
FNDA:1,(anonymous_3)
DA:1,1
DA:2,1
DA:4,1
DA:5,1
DA:6,1
DA:8,1
DA:9,1
LF:7
LH:7
BRF:0
BRH:0
end_of_record
TN:
SF:/Users/wlchair/Desktop/wlchair/test/script.js
FN:1,math
FNF:1
FNH:1
FNDA:2,math
DA:1,1
DA:2,2
DA:3,2
DA:5,2
DA:6,2
DA:7,1
DA:8,1
DA:9,0
DA:11,1
DA:15,1
LF:10
LH:9
BRDA:2,1,0,1
BRDA:2,1,1,1
BRDA:3,2,0,1
BRDA:3,2,1,1
BRDA:5,3,0,1
BRDA:5,3,1,1
BRDA:5,4,0,0
BRDA:5,4,1,1
BRDA:6,5,0,1
BRDA:6,5,1,1
BRDA:8,6,0,0
BRDA:8,6,1,1
BRF:12
BRH:10
end_of_record
